c:\users\soyeon baek\source\repos\task1 - 복사본 (2)\task1\release\vc141.pdb
c:\users\soyeon baek\source\repos\task1 - 복사본 (2)\task1\release\userunknown.obj
c:\users\soyeon baek\source\repos\task1 - 복사본 (2)\task1\release\userdata.obj
c:\users\soyeon baek\source\repos\task1 - 복사본 (2)\task1\release\user.obj
c:\users\soyeon baek\source\repos\task1 - 복사본 (2)\task1\release\ticket.obj
c:\users\soyeon baek\source\repos\task1 - 복사본 (2)\task1\release\theater.obj
c:\users\soyeon baek\source\repos\task1 - 복사본 (2)\task1\release\showinginfo.obj
c:\users\soyeon baek\source\repos\task1 - 복사본 (2)\task1\release\seat.obj
c:\users\soyeon baek\source\repos\task1 - 복사본 (2)\task1\release\payment.obj
c:\users\soyeon baek\source\repos\task1 - 복사본 (2)\task1\release\movie.obj
c:\users\soyeon baek\source\repos\task1 - 복사본 (2)\task1\release\main.obj
c:\users\soyeon baek\source\repos\task1 - 복사본 (2)\task1\release\data.obj
c:\users\soyeon baek\source\repos\task1 - 복사본 (2)\task1\release\controller.obj
c:\users\soyeon baek\source\repos\task1 - 복사본 (2)\task1\release\adminprogram.obj
c:\users\soyeon baek\source\repos\task1 - 복사본 (2)\task1\release\userprogram.obj
c:\users\soyeon baek\source\repos\task1 - 복사본 (2)\release\task1.exe
c:\users\soyeon baek\source\repos\task1 - 복사본 (2)\release\task1.pdb
c:\users\soyeon baek\source\repos\task1 - 복사본 (2)\release\task1.ipdb
c:\users\soyeon baek\source\repos\task1 - 복사본 (2)\release\task1.iobj
c:\users\soyeon baek\source\repos\task1 - 복사본 (2)\task1\release\task1.tlog\cl.command.1.tlog
c:\users\soyeon baek\source\repos\task1 - 복사본 (2)\task1\release\task1.tlog\cl.read.1.tlog
c:\users\soyeon baek\source\repos\task1 - 복사본 (2)\task1\release\task1.tlog\cl.write.1.tlog
c:\users\soyeon baek\source\repos\task1 - 복사본 (2)\task1\release\task1.tlog\link.command.1.tlog
c:\users\soyeon baek\source\repos\task1 - 복사본 (2)\task1\release\task1.tlog\link.read.1.tlog
c:\users\soyeon baek\source\repos\task1 - 복사본 (2)\task1\release\task1.tlog\link.write.1.tlog
c:\users\soyeon baek\source\repos\task1 - 복사본 (2)\task1\release\task1.tlog\task1.write.1u.tlog
